<?xml version="1.0" encoding="utf-8"?><testsuites><testsuite errors="0" failures="0" hostname="bluecadet-ri.local" name="pytest" skipped="0" tests="0" time="0.436" timestamp="2021-11-14T20:04:44.445813"></testsuite></testsuites>