<?xml version="1.0" encoding="utf-8"?><testsuites><testsuite errors="0" failures="0" hostname="bluecadet-ri.local" name="pytest" skipped="0" tests="0" time="1.003" timestamp="2021-11-14T20:02:20.393193"></testsuite></testsuites>