<?xml version="1.0" encoding="utf-8"?><testsuites><testsuite errors="0" failures="0" hostname="riledigital-mac.lan" name="pytest" skipped="0" tests="0" time="1.039" timestamp="2020-11-07T23:05:00.705315"></testsuite></testsuites>